<?xml version="1.0" encoding="UTF-8"?>
<testsuite xmlns:xsi="http://www.w3.org/2001/XMLSchema-instance" xsi:noNamespaceSchemaLocation="https://maven.apache.org/surefire/maven-surefire-plugin/xsd/surefire-test-report.xsd" name="org.jpa.hibernate.console.AppTest" time="0.003" tests="1" errors="0" skipped="0" failures="0">
  <properties>
    <property name="sun.desktop" value="windows"/>
    <property name="awt.toolkit" value="sun.awt.windows.WToolkit"/>
    <property name="file.encoding.pkg" value="sun.io"/>
    <property name="java.specification.version" value="1.8"/>
    <property name="sun.cpu.isalist" value="amd64"/>
    <property name="sun.jnu.encoding" value="Cp1252"/>
    <property name="java.class.path" value="D:\DevEnv\Java\eclipse-workspace\poc\jpa-examples\jpa-hibernate-console\target\test-classes;D:\DevEnv\Java\eclipse-workspace\poc\jpa-examples\jpa-hibernate-console\target\classes;D:\DevEnv\maven-repo\org\springframework\spring-context\5.2.12.RELEASE\spring-context-5.2.12.RELEASE.jar;D:\DevEnv\maven-repo\org\springframework\spring-aop\5.2.12.RELEASE\spring-aop-5.2.12.RELEASE.jar;D:\DevEnv\maven-repo\org\springframework\spring-beans\5.2.12.RELEASE\spring-beans-5.2.12.RELEASE.jar;D:\DevEnv\maven-repo\org\springframework\spring-expression\5.2.12.RELEASE\spring-expression-5.2.12.RELEASE.jar;D:\DevEnv\maven-repo\org\springframework\spring-core\5.2.12.RELEASE\spring-core-5.2.12.RELEASE.jar;D:\DevEnv\maven-repo\org\springframework\spring-jcl\5.2.12.RELEASE\spring-jcl-5.2.12.RELEASE.jar;D:\DevEnv\maven-repo\org\hibernate\hibernate-core\5.2.17.Final\hibernate-core-5.2.17.Final.jar;D:\DevEnv\maven-repo\org\jboss\logging\jboss-logging\3.3.1.Final\jboss-logging-3.3.1.Final.jar;D:\DevEnv\maven-repo\org\hibernate\javax\persistence\hibernate-jpa-2.1-api\1.0.0.Final\hibernate-jpa-2.1-api-1.0.0.Final.jar;D:\DevEnv\maven-repo\org\javassist\javassist\3.22.0-GA\javassist-3.22.0-GA.jar;D:\DevEnv\maven-repo\antlr\antlr\2.7.7\antlr-2.7.7.jar;D:\DevEnv\maven-repo\org\jboss\spec\javax\transaction\jboss-transaction-api_1.2_spec\1.0.1.Final\jboss-transaction-api_1.2_spec-1.0.1.Final.jar;D:\DevEnv\maven-repo\org\jboss\jandex\2.0.3.Final\jandex-2.0.3.Final.jar;D:\DevEnv\maven-repo\com\fasterxml\classmate\1.3.0\classmate-1.3.0.jar;D:\DevEnv\maven-repo\dom4j\dom4j\1.6.1\dom4j-1.6.1.jar;D:\DevEnv\maven-repo\org\hibernate\common\hibernate-commons-annotations\5.0.1.Final\hibernate-commons-annotations-5.0.1.Final.jar;D:\DevEnv\maven-repo\org\hibernate\hibernate-entitymanager\5.2.17.Final\hibernate-entitymanager-5.2.17.Final.jar;D:\DevEnv\maven-repo\net\bytebuddy\byte-buddy\1.6.14\byte-buddy-1.6.14.jar;D:\DevEnv\maven-repo\org\hibernate\hibernate-spatial\5.2.17.Final\hibernate-spatial-5.2.17.Final.jar;D:\DevEnv\maven-repo\org\postgresql\postgresql\42.2.2\postgresql-42.2.2.jar;D:\DevEnv\maven-repo\org\geolatte\geolatte-geom\1.2.0\geolatte-geom-1.2.0.jar;D:\DevEnv\maven-repo\com\vividsolutions\jts\1.13\jts-1.13.jar;D:\DevEnv\maven-repo\mysql\mysql-connector-java\8.0.22\mysql-connector-java-8.0.22.jar;D:\DevEnv\maven-repo\com\google\protobuf\protobuf-java\3.11.4\protobuf-java-3.11.4.jar;D:\DevEnv\maven-repo\org\apache\logging\log4j\log4j-api\2.7\log4j-api-2.7.jar;D:\DevEnv\maven-repo\org\apache\logging\log4j\log4j-core\2.7\log4j-core-2.7.jar;D:\DevEnv\maven-repo\org\apache\logging\log4j\log4j-slf4j-impl\2.7\log4j-slf4j-impl-2.7.jar;D:\DevEnv\maven-repo\org\slf4j\slf4j-api\1.7.21\slf4j-api-1.7.21.jar;D:\DevEnv\maven-repo\org\modelmapper\modelmapper\2.3.0\modelmapper-2.3.0.jar;D:\DevEnv\maven-repo\junit\junit\3.8.1\junit-3.8.1.jar;"/>
    <property name="java.vm.vendor" value="Oracle Corporation"/>
    <property name="sun.arch.data.model" value="64"/>
    <property name="user.variant" value=""/>
    <property name="java.vendor.url" value="http://java.oracle.com/"/>
    <property name="user.timezone" value="Asia/Singapore"/>
    <property name="java.vm.specification.version" value="1.8"/>
    <property name="os.name" value="Windows 10"/>
    <property name="user.country" value="SG"/>
    <property name="sun.java.launcher" value="SUN_STANDARD"/>
    <property name="sun.boot.library.path" value="C:\Program Files\Java\jdk1.8.0_241\jre\bin"/>
    <property name="sun.java.command" value="C:\Users\Admin\AppData\Local\Temp\surefire5926130148309143471\surefirebooter8898948891975698086.jar C:\Users\Admin\AppData\Local\Temp\surefire5926130148309143471 2020-12-21T16-18-06_148-jvmRun1 surefire7780322225972942102tmp surefire_08318332616258833890tmp"/>
    <property name="surefire.test.class.path" value="D:\DevEnv\Java\eclipse-workspace\poc\jpa-examples\jpa-hibernate-console\target\test-classes;D:\DevEnv\Java\eclipse-workspace\poc\jpa-examples\jpa-hibernate-console\target\classes;D:\DevEnv\maven-repo\org\springframework\spring-context\5.2.12.RELEASE\spring-context-5.2.12.RELEASE.jar;D:\DevEnv\maven-repo\org\springframework\spring-aop\5.2.12.RELEASE\spring-aop-5.2.12.RELEASE.jar;D:\DevEnv\maven-repo\org\springframework\spring-beans\5.2.12.RELEASE\spring-beans-5.2.12.RELEASE.jar;D:\DevEnv\maven-repo\org\springframework\spring-expression\5.2.12.RELEASE\spring-expression-5.2.12.RELEASE.jar;D:\DevEnv\maven-repo\org\springframework\spring-core\5.2.12.RELEASE\spring-core-5.2.12.RELEASE.jar;D:\DevEnv\maven-repo\org\springframework\spring-jcl\5.2.12.RELEASE\spring-jcl-5.2.12.RELEASE.jar;D:\DevEnv\maven-repo\org\hibernate\hibernate-core\5.2.17.Final\hibernate-core-5.2.17.Final.jar;D:\DevEnv\maven-repo\org\jboss\logging\jboss-logging\3.3.1.Final\jboss-logging-3.3.1.Final.jar;D:\DevEnv\maven-repo\org\hibernate\javax\persistence\hibernate-jpa-2.1-api\1.0.0.Final\hibernate-jpa-2.1-api-1.0.0.Final.jar;D:\DevEnv\maven-repo\org\javassist\javassist\3.22.0-GA\javassist-3.22.0-GA.jar;D:\DevEnv\maven-repo\antlr\antlr\2.7.7\antlr-2.7.7.jar;D:\DevEnv\maven-repo\org\jboss\spec\javax\transaction\jboss-transaction-api_1.2_spec\1.0.1.Final\jboss-transaction-api_1.2_spec-1.0.1.Final.jar;D:\DevEnv\maven-repo\org\jboss\jandex\2.0.3.Final\jandex-2.0.3.Final.jar;D:\DevEnv\maven-repo\com\fasterxml\classmate\1.3.0\classmate-1.3.0.jar;D:\DevEnv\maven-repo\dom4j\dom4j\1.6.1\dom4j-1.6.1.jar;D:\DevEnv\maven-repo\org\hibernate\common\hibernate-commons-annotations\5.0.1.Final\hibernate-commons-annotations-5.0.1.Final.jar;D:\DevEnv\maven-repo\org\hibernate\hibernate-entitymanager\5.2.17.Final\hibernate-entitymanager-5.2.17.Final.jar;D:\DevEnv\maven-repo\net\bytebuddy\byte-buddy\1.6.14\byte-buddy-1.6.14.jar;D:\DevEnv\maven-repo\org\hibernate\hibernate-spatial\5.2.17.Final\hibernate-spatial-5.2.17.Final.jar;D:\DevEnv\maven-repo\org\postgresql\postgresql\42.2.2\postgresql-42.2.2.jar;D:\DevEnv\maven-repo\org\geolatte\geolatte-geom\1.2.0\geolatte-geom-1.2.0.jar;D:\DevEnv\maven-repo\com\vividsolutions\jts\1.13\jts-1.13.jar;D:\DevEnv\maven-repo\mysql\mysql-connector-java\8.0.22\mysql-connector-java-8.0.22.jar;D:\DevEnv\maven-repo\com\google\protobuf\protobuf-java\3.11.4\protobuf-java-3.11.4.jar;D:\DevEnv\maven-repo\org\apache\logging\log4j\log4j-api\2.7\log4j-api-2.7.jar;D:\DevEnv\maven-repo\org\apache\logging\log4j\log4j-core\2.7\log4j-core-2.7.jar;D:\DevEnv\maven-repo\org\apache\logging\log4j\log4j-slf4j-impl\2.7\log4j-slf4j-impl-2.7.jar;D:\DevEnv\maven-repo\org\slf4j\slf4j-api\1.7.21\slf4j-api-1.7.21.jar;D:\DevEnv\maven-repo\org\modelmapper\modelmapper\2.3.0\modelmapper-2.3.0.jar;D:\DevEnv\maven-repo\junit\junit\3.8.1\junit-3.8.1.jar;"/>
    <property name="sun.cpu.endian" value="little"/>
    <property name="user.home" value="C:\Users\Admin"/>
    <property name="user.language" value="en"/>
    <property name="java.specification.vendor" value="Oracle Corporation"/>
    <property name="java.home" value="C:\Program Files\Java\jdk1.8.0_241\jre"/>
    <property name="basedir" value="D:\DevEnv\Java\eclipse-workspace\poc\jpa-examples\jpa-hibernate-console"/>
    <property name="file.separator" value="\"/>
    <property name="line.separator" value="&#10;"/>
    <property name="java.vm.specification.vendor" value="Oracle Corporation"/>
    <property name="java.specification.name" value="Java Platform API Specification"/>
    <property name="java.awt.graphicsenv" value="sun.awt.Win32GraphicsEnvironment"/>
    <property name="surefire.real.class.path" value="C:\Users\Admin\AppData\Local\Temp\surefire5926130148309143471\surefirebooter8898948891975698086.jar"/>
    <property name="sun.boot.class.path" value="C:\Program Files\Java\jdk1.8.0_241\jre\lib\resources.jar;C:\Program Files\Java\jdk1.8.0_241\jre\lib\rt.jar;C:\Program Files\Java\jdk1.8.0_241\jre\lib\sunrsasign.jar;C:\Program Files\Java\jdk1.8.0_241\jre\lib\jsse.jar;C:\Program Files\Java\jdk1.8.0_241\jre\lib\jce.jar;C:\Program Files\Java\jdk1.8.0_241\jre\lib\charsets.jar;C:\Program Files\Java\jdk1.8.0_241\jre\lib\jfr.jar;C:\Program Files\Java\jdk1.8.0_241\jre\classes"/>
    <property name="user.script" value=""/>
    <property name="sun.management.compiler" value="HotSpot 64-Bit Tiered Compilers"/>
    <property name="java.runtime.version" value="1.8.0_241-b07"/>
    <property name="user.name" value="Admin"/>
    <property name="path.separator" value=";"/>
    <property name="os.version" value="10.0"/>
    <property name="java.endorsed.dirs" value="C:\Program Files\Java\jdk1.8.0_241\jre\lib\endorsed"/>
    <property name="java.runtime.name" value="Java(TM) SE Runtime Environment"/>
    <property name="file.encoding" value="Cp1252"/>
    <property name="java.vm.name" value="Java HotSpot(TM) 64-Bit Server VM"/>
    <property name="localRepository" value="D:\DevEnv\maven-repo"/>
    <property name="java.vendor.url.bug" value="http://bugreport.sun.com/bugreport/"/>
    <property name="java.io.tmpdir" value="C:\Users\Admin\AppData\Local\Temp\"/>
    <property name="java.version" value="1.8.0_241"/>
    <property name="user.dir" value="D:\DevEnv\Java\eclipse-workspace\poc\jpa-examples\jpa-hibernate-console"/>
    <property name="os.arch" value="amd64"/>
    <property name="java.vm.specification.name" value="Java Virtual Machine Specification"/>
    <property name="java.awt.printerjob" value="sun.awt.windows.WPrinterJob"/>
    <property name="sun.os.patch.level" value=""/>
    <property name="java.library.path" value="C:\Program Files\Java\jdk1.8.0_241\jre\bin;C:\WINDOWS\Sun\Java\bin;C:\WINDOWS\system32;C:\WINDOWS;C:/Program Files/Java/jre1.8.0_241/bin/server;C:/Program Files/Java/jre1.8.0_241/bin;C:/Program Files/Java/jre1.8.0_241/lib/amd64;C:\OpenSSL-Win64\bin;C:\Program Files\Java\jdk1.8.0_241\bin;D:\Program Files\Apache\apache-maven-3.5.2\bin;C:\Program Files (x86)\Common Files\Oracle\Java\javapath;C:\Program Files (x86)\Intel\iCLS Client\;C:\Program Files\Intel\iCLS Client\;C:\Windows\system32;C:\Windows;C:\Windows\System32\Wbem;C:\Windows\System32\WindowsPowerShell\v1.0\;C:\Program Files (x86)\Intel\Intel(R) Management Engine Components\DAL;C:\Program Files\Intel\Intel(R) Management Engine Components\DAL;C:\Program Files (x86)\Intel\Intel(R) Management Engine Components\IPT;C:\Program Files\Intel\Intel(R) Management Engine Components\IPT;C:\Program Files (x86)\NVIDIA Corporation\PhysX\Common;C:\WINDOWS\system32;C:\WINDOWS;C:\WINDOWS\System32\Wbem;C:\WINDOWS\System32\WindowsPowerShell\v1.0\;C:\WINDOWS\System32\OpenSSH\;C:\Program Files\Intel\WiFi\bin\;C:\Program Files\Common Files\Intel\WirelessCommon\;C:\Program Files\PuTTY\;C:\Program Files\Git\cmd;D:\DevEnv\Programs\NGINX\nginx-1.16.1;D:\DevEnv\Programs\Minikube;C:\Users\Admin\AppData\Local\Microsoft\WindowsApps;D:\DevEnv\Programs\JetBrains\IntelliJ IDEA Community Edition 2019.2.3\bin;C:\Users\Admin\AppData\Local\GitHubDesktop\bin;C:\WINDOWS\System32;;."/>
    <property name="java.vm.info" value="mixed mode"/>
    <property name="java.vendor" value="Oracle Corporation"/>
    <property name="java.vm.version" value="25.241-b07"/>
    <property name="java.ext.dirs" value="C:\Program Files\Java\jdk1.8.0_241\jre\lib\ext;C:\WINDOWS\Sun\Java\lib\ext"/>
    <property name="sun.io.unicode.encoding" value="UnicodeLittle"/>
    <property name="java.class.version" value="52.0"/>
  </properties>
  <testcase name="testApp" classname="org.jpa.hibernate.console.AppTest" time="0"/>
</testsuite>