<?xml version="1.0" encoding="UTF-8"?>
<!-- Generated by org.testng.reporters.JUnitReportReporter -->
<testsuite skipped="0" hostname="admin-PC" name="com.example.selenium.headless.webdriver.test.TestModuleLogin" tests="1" failures="0" timestamp="2021-02-01T18:15:50 SGT" time="5.237" errors="0">
  <testcase name="verifyTitle" time="5.237" classname="com.example.selenium.headless.webdriver.test.TestModuleLogin"/>
  <system-out/>
</testsuite> <!-- com.example.selenium.headless.webdriver.test.TestModuleLogin -->
