<?xml version="1.0" encoding="UTF-8"?>
<!-- Generated by org.testng.reporters.JUnitReportReporter -->
<testsuite name="com.example.selenium.webdriver.test.TestModuleLogin" tests="3" time="10.925" ignored="0" failures="0" timestamp="31 Jan 2021 09:00:36 GMT" skipped="0" hostname="admin-PC" errors="0">
  <testcase name="verifyTitle" time="3.082" classname="com.example.selenium.webdriver.test.TestModuleLogin"/>
  <testcase name="verifyTitle" time="3.985" classname="com.example.selenium.webdriver.test.TestModuleLogin"/>
  <testcase name="verifyTitle" time="3.858" classname="com.example.selenium.webdriver.test.TestModuleLogin"/>
</testsuite> <!-- com.example.selenium.webdriver.test.TestModuleLogin -->
